<?xml version="1.0" encoding="UTF-8"?>
<!-- Generated by org.testng.reporters.JUnitXMLReporter -->
<testsuite hostname="DESKTOP-4TKG998" ignored="0" name="Homepage Test" tests="4" failures="0" timestamp="30 Dec 2020 02:43:04 GMT" time="12.365" errors="0">
  <testcase name="validatePageTitleTest" time="0.117" classname="com.nopcommerce.tests.HomePageTest"/>
  <testcase name="verifyLogoTest" time="0.219" classname="com.nopcommerce.tests.HomePageTest"/>
  <testcase name="verifyRegisterLinkTest" time="0.115" classname="com.nopcommerce.tests.HomePageTest"/>
  <testcase name="verifyLoginLinkTest" time="0.068" classname="com.nopcommerce.tests.HomePageTest"/>
</testsuite> <!-- Homepage Test -->
