<?xml version="1.0" encoding="UTF-8"?>
<!-- Generated by org.testng.reporters.JUnitXMLReporter -->
<testsuite hostname="DESKTOP-4TKG998" ignored="0" name="Searchpage Test" tests="3" failures="0" timestamp="30 Dec 2020 02:43:10 GMT" time="18.046" errors="0">
  <testcase name="verifySearchPageNameTest" time="0.664" classname="com.nopcommerce.tests.SearchPageTest"/>
  <testcase name="verifyManufacturerDropDownListTest" time="4.235" classname="com.nopcommerce.tests.SearchPageTest"/>
  <testcase name="verifyManufacturesListTest" time="0.058" classname="com.nopcommerce.tests.SearchPageTest"/>
</testsuite> <!-- Searchpage Test -->
